<?xml version="1.0" encoding="UTF-8"?>
<!-- Generated by org.testng.reporters.JUnitXMLReporter -->
<testsuite ignored="0" hostname="CISPL-IO-539" failures="0" tests="4" name="Default test" time="31.396" errors="0" timestamp="2025-11-19T18:32:35 IST">
  <testcase classname="com.framework.testngtemplate.pages.Sign_up" name="Sign_up_form" time="6.818"/>
  <testcase classname="com.framework.testngtemplate.pages.Sign_up" name="Sign_up_form" time="6.592"/>
  <testcase classname="com.framework.testngtemplate.pages.Sign_up" name="Sign_up_form" time="6.427"/>
  <testcase classname="com.framework.testngtemplate.pages.Sign_up" name="Sign_up_form" time="6.431"/>
</testsuite> <!-- Default test -->
