<?xml version="1.0" encoding="UTF-8"?>
<!-- Generated by org.testng.reporters.JUnitXMLReporter -->
<testsuite ignored="0" hostname="CISPL-IO-539" failures="0" tests="4" name="Default test" time="17.442" errors="0" timestamp="2025-11-19T14:26:39 IST">
  <testcase classname="com.framework.testngtemplate.pages.Sign_up" name="Sign_up_form" time="3.335"/>
  <testcase classname="com.framework.testngtemplate.pages.Sign_up" name="Sign_up_form" time="3.034"/>
  <testcase classname="com.framework.testngtemplate.pages.Sign_up" name="Sign_up_form" time="2.909"/>
  <testcase classname="com.framework.testngtemplate.pages.Sign_up" name="Sign_up_form" time="3.031"/>
</testsuite> <!-- Default test -->
