<?xml version="1.0" encoding="UTF-8"?>
<testng-results ignored="0" total="9" passed="8" failed="1" skipped="0">
  <reporter-output>
  </reporter-output>
  <suite started-at="2025-11-19T18:36:57 IST" name="MainSuite" finished-at="2025-11-19T18:38:07 IST" duration-ms="70189">
    <groups>
    </groups>
    <test started-at="2025-11-19T18:36:57 IST" name="LoginTest" finished-at="2025-11-19T18:38:07 IST" duration-ms="70189">
      <class name="com.framework.testngtemplate.pages.Sign_up">
        <test-method is-config="true" signature="setup()[pri:0, instance:com.framework.testngtemplate.pages.Sign_up@dd8ba08]" started-at="2025-11-19T18:36:57 IST" name="setup" finished-at="2025-11-19T18:36:59 IST" duration-ms="1743" status="PASS">
          <reporter-output>
          </reporter-output>
        </test-method> <!-- setup -->
        <test-method signature="Sign_up_form(java.util.TreeMap)[pri:0, instance:com.framework.testngtemplate.pages.Sign_up@dd8ba08]" started-at="2025-11-19T18:36:59 IST" name="Sign_up_form" data-provider="signupDatas" finished-at="2025-11-19T18:37:05 IST" duration-ms="6833" status="PASS">
          <params>
            <param index="0">
              <value>
                <![CDATA[{id=alpha@_test, pass=pass0011}]]>
              </value>
            </param>
          </params>
          <reporter-output>
          </reporter-output>
        </test-method> <!-- Sign_up_form -->
        <test-method is-config="true" signature="driverKill()[pri:0, instance:com.framework.testngtemplate.pages.Sign_up@dd8ba08]" started-at="2025-11-19T18:37:05 IST" name="driverKill" finished-at="2025-11-19T18:37:06 IST" duration-ms="190" status="PASS">
          <reporter-output>
          </reporter-output>
        </test-method> <!-- driverKill -->
        <test-method is-config="true" signature="setup()[pri:0, instance:com.framework.testngtemplate.pages.Sign_up@dd8ba08]" started-at="2025-11-19T18:37:06 IST" name="setup" finished-at="2025-11-19T18:37:06 IST" duration-ms="818" status="PASS">
          <reporter-output>
          </reporter-output>
        </test-method> <!-- setup -->
        <test-method signature="Sign_up_form(java.util.TreeMap)[pri:0, instance:com.framework.testngtemplate.pages.Sign_up@dd8ba08]" started-at="2025-11-19T18:37:06 IST" name="Sign_up_form" data-provider="signupDatas" finished-at="2025-11-19T18:37:13 IST" duration-ms="6405" status="FAIL">
          <params>
            <param index="0">
              <value>
                <![CDATA[{id=beta_user@yopmail.com, pass=1}]]>
              </value>
            </param>
          </params>
          <exception class="org.openqa.selenium.NoAlertPresentException">
            <message>
              <![CDATA[no such alert
  (Session info: chrome=142.0.7444.163)
Build info: version: '4.33.0', revision: '2c6aaad03a'
System info: os.name: 'Windows 10', os.arch: 'amd64', os.version: '10.0', java.version: '25.0.1'
Driver info: org.openqa.selenium.chrome.ChromeDriver
Command: [eb2d8d918d08c5cf573ba02ecfcfe29f, getAlertText {}]
Capabilities {acceptInsecureCerts: false, browserName: chrome, browserVersion: 142.0.7444.163, chrome: {chromedriverVersion: 142.0.7444.175 (302067f14a4..., userDataDir: C:\Users\CODECL~2\AppData\L...}, fedcm:accounts: true, goog:chromeOptions: {debuggerAddress: localhost:49867}, goog:processID: 12388, networkConnectionEnabled: false, pageLoadStrategy: normal, platformName: windows, proxy: Proxy(), se:cdp: ws://localhost:49867/devtoo..., se:cdpVersion: 142.0.7444.163, setWindowRect: true, strictFileInteractability: false, timeouts: {implicit: 0, pageLoad: 300000, script: 30000}, unhandledPromptBehavior: dismiss and notify, webauthn:extension:credBlob: true, webauthn:extension:largeBlob: true, webauthn:extension:minPinLength: true, webauthn:extension:prf: true, webauthn:virtualAuthenticators: true}
Session ID: eb2d8d918d08c5cf573ba02ecfcfe29f]]>
            </message>
            <full-stacktrace>
              <![CDATA[org.openqa.selenium.NoAlertPresentException: no such alert
  (Session info: chrome=142.0.7444.163)
Build info: version: '4.33.0', revision: '2c6aaad03a'
System info: os.name: 'Windows 10', os.arch: 'amd64', os.version: '10.0', java.version: '25.0.1'
Driver info: org.openqa.selenium.chrome.ChromeDriver
Command: [eb2d8d918d08c5cf573ba02ecfcfe29f, getAlertText {}]
Capabilities {acceptInsecureCerts: false, browserName: chrome, browserVersion: 142.0.7444.163, chrome: {chromedriverVersion: 142.0.7444.175 (302067f14a4..., userDataDir: C:\Users\CODECL~2\AppData\L...}, fedcm:accounts: true, goog:chromeOptions: {debuggerAddress: localhost:49867}, goog:processID: 12388, networkConnectionEnabled: false, pageLoadStrategy: normal, platformName: windows, proxy: Proxy(), se:cdp: ws://localhost:49867/devtoo..., se:cdpVersion: 142.0.7444.163, setWindowRect: true, strictFileInteractability: false, timeouts: {implicit: 0, pageLoad: 300000, script: 30000}, unhandledPromptBehavior: dismiss and notify, webauthn:extension:credBlob: true, webauthn:extension:largeBlob: true, webauthn:extension:minPinLength: true, webauthn:extension:prf: true, webauthn:virtualAuthenticators: true}
Session ID: eb2d8d918d08c5cf573ba02ecfcfe29f
at java.base/jdk.internal.reflect.DirectConstructorHandleAccessor.newInstance(DirectConstructorHandleAccessor.java:62)
at java.base/java.lang.reflect.Constructor.newInstanceWithCaller(Constructor.java:499)
at java.base/java.lang.reflect.Constructor.newInstance(Constructor.java:483)
at org.openqa.selenium.remote.ErrorCodec.decode(ErrorCodec.java:167)
at org.openqa.selenium.remote.codec.w3c.W3CHttpResponseCodec.decode(W3CHttpResponseCodec.java:138)
at org.openqa.selenium.remote.codec.w3c.W3CHttpResponseCodec.decode(W3CHttpResponseCodec.java:50)
at org.openqa.selenium.remote.HttpCommandExecutor.execute(HttpCommandExecutor.java:215)
at org.openqa.selenium.remote.service.DriverCommandExecutor.invokeExecute(DriverCommandExecutor.java:216)
at org.openqa.selenium.remote.service.DriverCommandExecutor.execute(DriverCommandExecutor.java:174)
at org.openqa.selenium.remote.RemoteWebDriver.execute(RemoteWebDriver.java:544)
at org.openqa.selenium.remote.RemoteWebDriver.execute(RemoteWebDriver.java:617)
at org.openqa.selenium.remote.RemoteWebDriver.execute(RemoteWebDriver.java:621)
at org.openqa.selenium.remote.RemoteWebDriver$RemoteTargetLocator.alert(RemoteWebDriver.java:1175)
at com.framework.testngtemplate.pages.Sign_up.Sign_up_form(Sign_up.java:57)
at java.base/jdk.internal.reflect.DirectMethodHandleAccessor.invoke(DirectMethodHandleAccessor.java:104)
at java.base/java.lang.reflect.Method.invoke(Method.java:565)
at org.testng.internal.invokers.MethodInvocationHelper.invokeMethod(MethodInvocationHelper.java:141)
at org.testng.internal.invokers.TestInvoker.invokeMethod(TestInvoker.java:687)
at org.testng.internal.invokers.TestInvoker.invokeTestMethod(TestInvoker.java:230)
at org.testng.internal.invokers.MethodRunner.runInSequence(MethodRunner.java:63)
at org.testng.internal.invokers.TestInvoker$MethodInvocationAgent.invoke(TestInvoker.java:995)
at org.testng.internal.invokers.TestInvoker.invokeTestMethods(TestInvoker.java:203)
at org.testng.internal.invokers.TestMethodWorker.invokeTestMethods(TestMethodWorker.java:154)
at org.testng.internal.invokers.TestMethodWorker.run(TestMethodWorker.java:134)
at java.base/java.util.ArrayList.forEach(ArrayList.java:1604)
at org.testng.TestRunner.privateRun(TestRunner.java:741)
at org.testng.TestRunner.run(TestRunner.java:616)
at org.testng.SuiteRunner.runTest(SuiteRunner.java:421)
at org.testng.SuiteRunner.runSequentially(SuiteRunner.java:413)
at org.testng.SuiteRunner.privateRun(SuiteRunner.java:373)
at org.testng.SuiteRunner.run(SuiteRunner.java:312)
at org.testng.SuiteRunnerWorker.runSuite(SuiteRunnerWorker.java:52)
at org.testng.SuiteRunnerWorker.run(SuiteRunnerWorker.java:95)
at org.testng.TestNG.runSuitesSequentially(TestNG.java:1274)
at org.testng.TestNG.runSuitesLocally(TestNG.java:1208)
at org.testng.TestNG.runSuites(TestNG.java:1112)
at org.testng.TestNG.run(TestNG.java:1079)
at org.testng.remote.AbstractRemoteTestNG.run(AbstractRemoteTestNG.java:115)
at org.testng.remote.RemoteTestNG.initAndRun(RemoteTestNG.java:293)
at org.testng.remote.RemoteTestNG.main(RemoteTestNG.java:91)
]]>
            </full-stacktrace>
          </exception> <!-- org.openqa.selenium.NoAlertPresentException -->
          <reporter-output>
          </reporter-output>
        </test-method> <!-- Sign_up_form -->
        <test-method is-config="true" signature="driverKill()[pri:0, instance:com.framework.testngtemplate.pages.Sign_up@dd8ba08]" started-at="2025-11-19T18:37:13 IST" name="driverKill" finished-at="2025-11-19T18:37:13 IST" duration-ms="160" status="PASS">
          <reporter-output>
          </reporter-output>
        </test-method> <!-- driverKill -->
        <test-method is-config="true" signature="setup()[pri:0, instance:com.framework.testngtemplate.pages.Sign_up@dd8ba08]" started-at="2025-11-19T18:37:13 IST" name="setup" finished-at="2025-11-19T18:37:14 IST" duration-ms="831" status="PASS">
          <reporter-output>
          </reporter-output>
        </test-method> <!-- setup -->
        <test-method signature="Sign_up_form(java.util.TreeMap)[pri:0, instance:com.framework.testngtemplate.pages.Sign_up@dd8ba08]" started-at="2025-11-19T18:37:14 IST" name="Sign_up_form" data-provider="signupDatas" finished-at="2025-11-19T18:37:20 IST" duration-ms="6630" status="PASS">
          <params>
            <param index="0">
              <value>
                <![CDATA[{id=gamma.login@yopmail.com, pass=secure7788}]]>
              </value>
            </param>
          </params>
          <reporter-output>
          </reporter-output>
        </test-method> <!-- Sign_up_form -->
        <test-method is-config="true" signature="driverKill()[pri:0, instance:com.framework.testngtemplate.pages.Sign_up@dd8ba08]" started-at="2025-11-19T18:37:20 IST" name="driverKill" finished-at="2025-11-19T18:37:21 IST" duration-ms="159" status="PASS">
          <reporter-output>
          </reporter-output>
        </test-method> <!-- driverKill -->
        <test-method is-config="true" signature="setup()[pri:0, instance:com.framework.testngtemplate.pages.Sign_up@dd8ba08]" started-at="2025-11-19T18:37:21 IST" name="setup" finished-at="2025-11-19T18:37:21 IST" duration-ms="803" status="PASS">
          <reporter-output>
          </reporter-output>
        </test-method> <!-- setup -->
        <test-method signature="Sign_up_form(java.util.TreeMap)[pri:0, instance:com.framework.testngtemplate.pages.Sign_up@dd8ba08]" started-at="2025-11-19T18:37:21 IST" name="Sign_up_form" data-provider="signupDatas" finished-at="2025-11-19T18:37:28 IST" duration-ms="6592" status="PASS">
          <params>
            <param index="0">
              <value>
                <![CDATA[{id=avbps202024@yopmail.com, pass=1234578}]]>
              </value>
            </param>
          </params>
          <reporter-output>
          </reporter-output>
        </test-method> <!-- Sign_up_form -->
        <test-method is-config="true" signature="driverKill()[pri:0, instance:com.framework.testngtemplate.pages.Sign_up@dd8ba08]" started-at="2025-11-19T18:37:28 IST" name="driverKill" finished-at="2025-11-19T18:37:28 IST" duration-ms="168" status="PASS">
          <reporter-output>
          </reporter-output>
        </test-method> <!-- driverKill -->
      </class> <!-- com.framework.testngtemplate.pages.Sign_up -->
      <class name="com.framework.testngtemplate.pages.Login">
        <test-method is-config="true" signature="setup()[pri:0, instance:com.framework.testngtemplate.pages.Login@1bd4fdd]" started-at="2025-11-19T18:38:04 IST" name="setup" finished-at="2025-11-19T18:38:04 IST" duration-ms="788" status="PASS">
          <reporter-output>
          </reporter-output>
        </test-method> <!-- setup -->
        <test-method signature="logging_in()[pri:0, instance:com.framework.testngtemplate.pages.Login@1bd4fdd]" started-at="2025-11-19T18:38:04 IST" name="logging_in" finished-at="2025-11-19T18:38:07 IST" duration-ms="2385" status="PASS">
          <reporter-output>
          </reporter-output>
        </test-method> <!-- logging_in -->
        <test-method is-config="true" signature="driverKill()[pri:0, instance:com.framework.testngtemplate.pages.Login@1bd4fdd]" started-at="2025-11-19T18:38:07 IST" name="driverKill" finished-at="2025-11-19T18:38:07 IST" duration-ms="178" status="PASS">
          <reporter-output>
          </reporter-output>
        </test-method> <!-- driverKill -->
      </class> <!-- com.framework.testngtemplate.pages.Login -->
      <class name="Error_validations.Loginpage_ErrorValidations">
        <test-method is-config="true" signature="setup()[pri:0, instance:Error_validations.Loginpage_ErrorValidations@35e2d654]" started-at="2025-11-19T18:37:28 IST" name="setup" finished-at="2025-11-19T18:37:29 IST" duration-ms="802" status="PASS">
          <reporter-output>
          </reporter-output>
        </test-method> <!-- setup -->
        <test-method signature="invalid_logging_in(java.util.TreeMap)[pri:0, instance:Error_validations.Loginpage_ErrorValidations@35e2d654]" started-at="2025-11-19T18:37:29 IST" name="invalid_logging_in" data-provider="login_datas" finished-at="2025-11-19T18:37:37 IST" duration-ms="7697" status="PASS">
          <params>
            <param index="0">
              <value>
                <![CDATA[{id=avbps202024@yopmail.com, pass=22355}]]>
              </value>
            </param>
          </params>
          <reporter-output>
          </reporter-output>
        </test-method> <!-- invalid_logging_in -->
        <test-method is-config="true" signature="driverKill()[pri:0, instance:Error_validations.Loginpage_ErrorValidations@35e2d654]" started-at="2025-11-19T18:37:37 IST" name="driverKill" finished-at="2025-11-19T18:37:37 IST" duration-ms="188" status="PASS">
          <reporter-output>
          </reporter-output>
        </test-method> <!-- driverKill -->
        <test-method is-config="true" signature="setup()[pri:0, instance:Error_validations.Loginpage_ErrorValidations@35e2d654]" started-at="2025-11-19T18:37:37 IST" name="setup" finished-at="2025-11-19T18:37:38 IST" duration-ms="792" status="PASS">
          <reporter-output>
          </reporter-output>
        </test-method> <!-- setup -->
        <test-method signature="invalid_logging_in(java.util.TreeMap)[pri:0, instance:Error_validations.Loginpage_ErrorValidations@35e2d654]" started-at="2025-11-19T18:37:38 IST" name="invalid_logging_in" data-provider="login_datas" finished-at="2025-11-19T18:37:45 IST" duration-ms="7793" status="PASS">
          <params>
            <param index="0">
              <value>
                <![CDATA[{id=aknnnb202@bm.com, pass=1234578}]]>
              </value>
            </param>
          </params>
          <reporter-output>
          </reporter-output>
        </test-method> <!-- invalid_logging_in -->
        <test-method is-config="true" signature="driverKill()[pri:0, instance:Error_validations.Loginpage_ErrorValidations@35e2d654]" started-at="2025-11-19T18:37:45 IST" name="driverKill" finished-at="2025-11-19T18:37:46 IST" duration-ms="205" status="PASS">
          <reporter-output>
          </reporter-output>
        </test-method> <!-- driverKill -->
        <test-method is-config="true" signature="setup()[pri:0, instance:Error_validations.Loginpage_ErrorValidations@35e2d654]" started-at="2025-11-19T18:37:46 IST" name="setup" finished-at="2025-11-19T18:37:46 IST" duration-ms="791" status="PASS">
          <reporter-output>
          </reporter-output>
        </test-method> <!-- setup -->
        <test-method signature="invalid_logging_in(java.util.TreeMap)[pri:0, instance:Error_validations.Loginpage_ErrorValidations@35e2d654]" started-at="2025-11-19T18:37:46 IST" name="invalid_logging_in" data-provider="login_datas" finished-at="2025-11-19T18:37:54 IST" duration-ms="7648" status="PASS">
          <params>
            <param index="0">
              <value>
                <![CDATA[{id=aknnnb202@bm.com, pass=4455m235}]]>
              </value>
            </param>
          </params>
          <reporter-output>
          </reporter-output>
        </test-method> <!-- invalid_logging_in -->
        <test-method is-config="true" signature="driverKill()[pri:0, instance:Error_validations.Loginpage_ErrorValidations@35e2d654]" started-at="2025-11-19T18:37:54 IST" name="driverKill" finished-at="2025-11-19T18:37:54 IST" duration-ms="205" status="PASS">
          <reporter-output>
          </reporter-output>
        </test-method> <!-- driverKill -->
        <test-method is-config="true" signature="setup()[pri:0, instance:Error_validations.Loginpage_ErrorValidations@35e2d654]" started-at="2025-11-19T18:37:54 IST" name="setup" finished-at="2025-11-19T18:37:55 IST" duration-ms="782" status="PASS">
          <reporter-output>
          </reporter-output>
        </test-method> <!-- setup -->
        <test-method signature="invalid_logging_in(java.util.TreeMap)[pri:0, instance:Error_validations.Loginpage_ErrorValidations@35e2d654]" started-at="2025-11-19T18:37:55 IST" name="invalid_logging_in" data-provider="login_datas" finished-at="2025-11-19T18:38:03 IST" duration-ms="8324" status="PASS">
          <params>
            <param index="0">
              <value>
                <![CDATA[{id=avbps202024@yopmail.com, pass=1234578}]]>
              </value>
            </param>
          </params>
          <reporter-output>
          </reporter-output>
        </test-method> <!-- invalid_logging_in -->
        <test-method is-config="true" signature="driverKill()[pri:0, instance:Error_validations.Loginpage_ErrorValidations@35e2d654]" started-at="2025-11-19T18:38:03 IST" name="driverKill" finished-at="2025-11-19T18:38:04 IST" duration-ms="172" status="PASS">
          <reporter-output>
          </reporter-output>
        </test-method> <!-- driverKill -->
      </class> <!-- Error_validations.Loginpage_ErrorValidations -->
    </test> <!-- LoginTest -->
  </suite> <!-- MainSuite -->
</testng-results>
