<?xml version="1.0" encoding="UTF-8"?>
<!-- Generated by org.testng.reporters.JUnitReportReporter -->
<testsuite hostname="CISPL-IO-539" failures="0" tests="2" name="com.framework.testngtemplate.pages.Add_Product_to_cart" time="49.393" errors="0" timestamp="2025-11-21T16:00:20 IST" skipped="0">
  <testcase classname="com.framework.testngtemplate.pages.Add_Product_to_cart" name="product_add" time="26.411"/>
  <testcase classname="com.framework.testngtemplate.pages.Add_Product_to_cart" name="product_add" time="22.982"/>
</testsuite> <!-- com.framework.testngtemplate.pages.Add_Product_to_cart -->
