<?xml version="1.0" encoding="UTF-8"?>
<!-- Generated by org.testng.reporters.JUnitReportReporter -->
<testsuite hostname="CISPL-IO-539" failures="0" tests="4" name="com.framework.testngtemplate.pages.Sign_up" time="17.360" errors="0" timestamp="2025-11-19T14:26:40 IST" skipped="0">
  <testcase classname="com.framework.testngtemplate.pages.Sign_up" name="Sign_up_form" time="4.029"/>
  <testcase classname="com.framework.testngtemplate.pages.Sign_up" name="Sign_up_form" time="3.941"/>
  <testcase classname="com.framework.testngtemplate.pages.Sign_up" name="Sign_up_form" time="4.346"/>
  <testcase classname="com.framework.testngtemplate.pages.Sign_up" name="Sign_up_form" time="5.044"/>
</testsuite> <!-- com.framework.testngtemplate.pages.Sign_up -->
