<?xml version="1.0" encoding="UTF-8"?>
<!-- Generated by org.testng.reporters.JUnitReportReporter -->
<testsuite hostname="CISPL-IO-539" failures="0" tests="4" name="com.framework.testngtemplate.pages.Sign_up" time="18.162" errors="0" timestamp="2025-11-19T15:36:39 IST" skipped="0">
  <testcase classname="com.framework.testngtemplate.pages.Sign_up" name="Sign_up_form" time="4.242"/>
  <testcase classname="com.framework.testngtemplate.pages.Sign_up" name="Sign_up_form" time="4.277"/>
  <testcase classname="com.framework.testngtemplate.pages.Sign_up" name="Sign_up_form" time="5.161"/>
  <testcase classname="com.framework.testngtemplate.pages.Sign_up" name="Sign_up_form" time="4.482"/>
</testsuite> <!-- com.framework.testngtemplate.pages.Sign_up -->
