<?xml version="1.0" encoding="UTF-8"?>
<!-- Generated by org.testng.reporters.JUnitReportReporter -->
<testsuite hostname="CISPL-IO-539" failures="0" tests="4" name="Error_validations.Loginpage_ErrorValidations" time="36.395" errors="0" timestamp="2025-11-19T16:57:47 IST" skipped="0">
  <testcase classname="Error_validations.Loginpage_ErrorValidations" name="invalid_logging_in" time="10.088"/>
  <testcase classname="Error_validations.Loginpage_ErrorValidations" name="invalid_logging_in" time="8.806"/>
  <testcase classname="Error_validations.Loginpage_ErrorValidations" name="invalid_logging_in" time="8.649"/>
  <testcase classname="Error_validations.Loginpage_ErrorValidations" name="invalid_logging_in" time="8.852"/>
</testsuite> <!-- Error_validations.Loginpage_ErrorValidations -->
