<?xml version="1.0" encoding="UTF-8"?>
<!-- Generated by org.testng.reporters.JUnitReportReporter -->
<testsuite hostname="CISPL-IO-539" failures="0" tests="4" name="Error_validations.Loginpage_ErrorValidations" time="35.399" errors="0" timestamp="2025-11-19T18:38:08 IST" skipped="0">
  <testcase classname="Error_validations.Loginpage_ErrorValidations" name="invalid_logging_in" time="9.331"/>
  <testcase classname="Error_validations.Loginpage_ErrorValidations" name="invalid_logging_in" time="8.644"/>
  <testcase classname="Error_validations.Loginpage_ErrorValidations" name="invalid_logging_in" time="8.773"/>
  <testcase classname="Error_validations.Loginpage_ErrorValidations" name="invalid_logging_in" time="8.651"/>
</testsuite> <!-- Error_validations.Loginpage_ErrorValidations -->
